Configuring parsec-3.1.13.0...
Building parsec-3.1.13.0...
Preprocessing library parsec-3.1.13.0...
[ 1 of 25] Compiling Text.Parsec.Pos  ( src/Text/Parsec/Pos.hs, dist/dist-sandbox-f2132b95/build/Text/Parsec/Pos.o )
[ 2 of 25] Compiling Text.Parsec.Error ( src/Text/Parsec/Error.hs, dist/dist-sandbox-f2132b95/build/Text/Parsec/Error.o )
[ 3 of 25] Compiling Text.ParserCombinators.Parsec.Error ( src/Text/ParserCombinators/Parsec/Error.hs, dist/dist-sandbox-f2132b95/build/Text/ParserCombinators/Parsec/Error.o )
[ 4 of 25] Compiling Text.Parsec.Prim ( src/Text/Parsec/Prim.hs, dist/dist-sandbox-f2132b95/build/Text/Parsec/Prim.o )
[ 5 of 25] Compiling Text.Parsec.Combinator ( src/Text/Parsec/Combinator.hs, dist/dist-sandbox-f2132b95/build/Text/Parsec/Combinator.o )
[ 6 of 25] Compiling Text.ParserCombinators.Parsec.Combinator ( src/Text/ParserCombinators/Parsec/Combinator.hs, dist/dist-sandbox-f2132b95/build/Text/ParserCombinators/Parsec/Combinator.o )
[ 7 of 25] Compiling Text.Parsec.String ( src/Text/Parsec/String.hs, dist/dist-sandbox-f2132b95/build/Text/Parsec/String.o )
[ 8 of 25] Compiling Text.Parsec.ByteString ( src/Text/Parsec/ByteString.hs, dist/dist-sandbox-f2132b95/build/Text/Parsec/ByteString.o )
[ 9 of 25] Compiling Text.Parsec.ByteString.Lazy ( src/Text/Parsec/ByteString/Lazy.hs, dist/dist-sandbox-f2132b95/build/Text/Parsec/ByteString/Lazy.o )
[10 of 25] Compiling Text.Parsec.Text ( src/Text/Parsec/Text.hs, dist/dist-sandbox-f2132b95/build/Text/Parsec/Text.o )
[11 of 25] Compiling Text.Parsec.Text.Lazy ( src/Text/Parsec/Text/Lazy.hs, dist/dist-sandbox-f2132b95/build/Text/Parsec/Text/Lazy.o )
[12 of 25] Compiling Text.Parsec.Expr ( src/Text/Parsec/Expr.hs, dist/dist-sandbox-f2132b95/build/Text/Parsec/Expr.o )
[13 of 25] Compiling Text.ParserCombinators.Parsec.Prim ( src/Text/ParserCombinators/Parsec/Prim.hs, dist/dist-sandbox-f2132b95/build/Text/ParserCombinators/Parsec/Prim.o )
[14 of 25] Compiling Text.ParserCombinators.Parsec.Pos ( src/Text/ParserCombinators/Parsec/Pos.hs, dist/dist-sandbox-f2132b95/build/Text/ParserCombinators/Parsec/Pos.o )
[15 of 25] Compiling Text.Parsec.Char ( src/Text/Parsec/Char.hs, dist/dist-sandbox-f2132b95/build/Text/Parsec/Char.o )
[16 of 25] Compiling Text.Parsec.Token ( src/Text/Parsec/Token.hs, dist/dist-sandbox-f2132b95/build/Text/Parsec/Token.o )
[17 of 25] Compiling Text.ParserCombinators.Parsec.Token ( src/Text/ParserCombinators/Parsec/Token.hs, dist/dist-sandbox-f2132b95/build/Text/ParserCombinators/Parsec/Token.o )
[18 of 25] Compiling Text.ParserCombinators.Parsec.Char ( src/Text/ParserCombinators/Parsec/Char.hs, dist/dist-sandbox-f2132b95/build/Text/ParserCombinators/Parsec/Char.o )
[19 of 25] Compiling Text.ParserCombinators.Parsec ( src/Text/ParserCombinators/Parsec.hs, dist/dist-sandbox-f2132b95/build/Text/ParserCombinators/Parsec.o )
[20 of 25] Compiling Text.ParserCombinators.Parsec.Expr ( src/Text/ParserCombinators/Parsec/Expr.hs, dist/dist-sandbox-f2132b95/build/Text/ParserCombinators/Parsec/Expr.o )
[21 of 25] Compiling Text.Parsec      ( src/Text/Parsec.hs, dist/dist-sandbox-f2132b95/build/Text/Parsec.o )
[22 of 25] Compiling Text.Parsec.Language ( src/Text/Parsec/Language.hs, dist/dist-sandbox-f2132b95/build/Text/Parsec/Language.o )
[23 of 25] Compiling Text.ParserCombinators.Parsec.Language ( src/Text/ParserCombinators/Parsec/Language.hs, dist/dist-sandbox-f2132b95/build/Text/ParserCombinators/Parsec/Language.o )
[24 of 25] Compiling Text.Parsec.Perm ( src/Text/Parsec/Perm.hs, dist/dist-sandbox-f2132b95/build/Text/Parsec/Perm.o )
[25 of 25] Compiling Text.ParserCombinators.Parsec.Perm ( src/Text/ParserCombinators/Parsec/Perm.hs, dist/dist-sandbox-f2132b95/build/Text/ParserCombinators/Parsec/Perm.o )
In-place registering parsec-3.1.13.0...
Creating package registration file:
/tmp/pkgConf-parsec-3.1.1321147380972007905771.0
Installing library in
/home/alan/bridge_trainer/.cabal-sandbox/lib/x86_64-linux-ghc-7.10.3/parsec-3.1.13.0-IM9Om69mzSRKge3O1w0NR0
Registering parsec-3.1.13.0...
